{"name": "test_order_from_product_page", "status": "broken", "statusDetails": {"message": "selenium.common.exceptions.TimeoutException: Message: \nStacktrace:\nBacktrace:\n\t(No symbol) [0x00926643]\n\t(No symbol) [0x008BBE21]\n\t(No symbol) [0x007BDA9D]\n\t(No symbol) [0x007F1342]\n\t(No symbol) [0x007F147B]\n\t(No symbol) [0x00828DC2]\n\t(No symbol) [0x0080FDC4]\n\t(No symbol) [0x00826B09]\n\t(No symbol) [0x0080FB76]\n\t(No symbol) [0x007E49C1]\n\t(No symbol) [0x007E5E5D]\n\tGetHandleVerifier [0x00B9A142+2497106]\n\tGetHandleVerifier [0x00BC85D3+2686691]\n\tGetHandleVerifier [0x00BCBB9C+2700460]\n\tGetHandleVerifier [0x009D3B10+635936]\n\t(No symbol) [0x008C4A1F]\n\t(No symbol) [0x008CA418]\n\t(No symbol) [0x008CA505]\n\t(No symbol) [0x008D508B]\n\tBaseThreadInitThunk [0x770FFA29+25]\n\tRtlGetAppContainerNamedObjectPath [0x775A7A7E+286]\n\tRtlGetAppContainerNamedObjectPath [0x775A7A4E+238]", "trace": "browser = <selenium.webdriver.chrome.webdriver.WebDriver (session=\"239202cf1ba56e6607c8c35bf66f3b9c\")>\n\n    @allure.description(\"Test order_from_product_page\")\n    def test_order_from_product_page(browser):\n    \n        link = \"https://grechka:digital@xiaomi-shop.grechka.digital/catalog/smartfony-i-planshety/redmi/redmi-10c-3-64-gb-mint-green\"\n        print(\"\\nStart Restaurant forma\")\n        browser.maximize_window()\n        pp = ProductPage(browser, link)\n        pp.open()\n>       pp.make_the_order()\n\ntests\\test_make_order.py:16: \n_ _ _ _ _ _ _ _ _ _ _ _ _ _ _ _ _ _ _ _ _ _ _ _ _ _ _ _ _ _ _ _ _ _ _ _ _ _ _ _ _ _ _ _ _ _ _ _ _ _ _ _ _ _ _ _ _ _ _ _ _ _ _ _ _ _ _ _ _ _ _ _ _ _ _ _ _ _ _ _ _ \npages\\product_page.py:121: in make_the_order\n    self.click_button_reserve()\npages\\product_page.py:78: in click_button_reserve\n    self.get_button_reserve().click()\npages\\product_page.py:41: in get_button_reserve\n    return WebDriverWait(self.browser, 30).until(EC.element_to_be_clickable((By.XPATH, self.button_reserve)))\n_ _ _ _ _ _ _ _ _ _ _ _ _ _ _ _ _ _ _ _ _ _ _ _ _ _ _ _ _ _ _ _ _ _ _ _ _ _ _ _ _ _ _ _ _ _ _ _ _ _ _ _ _ _ _ _ _ _ _ _ _ _ _ _ _ _ _ _ _ _ _ _ _ _ _ _ _ _ _ _ _ \n\nself = <selenium.webdriver.support.wait.WebDriverWait (session=\"239202cf1ba56e6607c8c35bf66f3b9c\")>\nmethod = <function element_to_be_clickable.<locals>._predicate at 0x000001E1FF1AB280>, message = ''\n\n    def until(self, method, message: str = \"\"):\n        \"\"\"Calls the method provided with the driver as an argument until the \\\n        return value does not evaluate to ``False``.\n    \n        :param method: callable(WebDriver)\n        :param message: optional message for :exc:`TimeoutException`\n        :returns: the result of the last call to `method`\n        :raises: :exc:`selenium.common.exceptions.TimeoutException` if timeout occurs\n        \"\"\"\n        screen = None\n        stacktrace = None\n    \n        end_time = time.monotonic() + self._timeout\n        while True:\n            try:\n                value = method(self._driver)\n                if value:\n                    return value\n            except self._ignored_exceptions as exc:\n                screen = getattr(exc, 'screen', None)\n                stacktrace = getattr(exc, 'stacktrace', None)\n            time.sleep(self._poll)\n            if time.monotonic() > end_time:\n                break\n>       raise TimeoutException(message, screen, stacktrace)\nE       selenium.common.exceptions.TimeoutException: Message: \nE       Stacktrace:\nE       Backtrace:\nE       \t(No symbol) [0x00926643]\nE       \t(No symbol) [0x008BBE21]\nE       \t(No symbol) [0x007BDA9D]\nE       \t(No symbol) [0x007F1342]\nE       \t(No symbol) [0x007F147B]\nE       \t(No symbol) [0x00828DC2]\nE       \t(No symbol) [0x0080FDC4]\nE       \t(No symbol) [0x00826B09]\nE       \t(No symbol) [0x0080FB76]\nE       \t(No symbol) [0x007E49C1]\nE       \t(No symbol) [0x007E5E5D]\nE       \tGetHandleVerifier [0x00B9A142+2497106]\nE       \tGetHandleVerifier [0x00BC85D3+2686691]\nE       \tGetHandleVerifier [0x00BCBB9C+2700460]\nE       \tGetHandleVerifier [0x009D3B10+635936]\nE       \t(No symbol) [0x008C4A1F]\nE       \t(No symbol) [0x008CA418]\nE       \t(No symbol) [0x008CA505]\nE       \t(No symbol) [0x008D508B]\nE       \tBaseThreadInitThunk [0x770FFA29+25]\nE       \tRtlGetAppContainerNamedObjectPath [0x775A7A7E+286]\nE       \tRtlGetAppContainerNamedObjectPath [0x775A7A4E+238]\n\n..\\..\\AppData\\Local\\Programs\\Python\\Python39\\lib\\site-packages\\selenium\\webdriver\\support\\wait.py:90: TimeoutException"}, "description": "Test order_from_product_page", "steps": [{"name": "make_the_order from product page", "status": "broken", "statusDetails": {"message": "selenium.common.exceptions.TimeoutException: Message: \nStacktrace:\nBacktrace:\n\t(No symbol) [0x00926643]\n\t(No symbol) [0x008BBE21]\n\t(No symbol) [0x007BDA9D]\n\t(No symbol) [0x007F1342]\n\t(No symbol) [0x007F147B]\n\t(No symbol) [0x00828DC2]\n\t(No symbol) [0x0080FDC4]\n\t(No symbol) [0x00826B09]\n\t(No symbol) [0x0080FB76]\n\t(No symbol) [0x007E49C1]\n\t(No symbol) [0x007E5E5D]\n\tGetHandleVerifier [0x00B9A142+2497106]\n\tGetHandleVerifier [0x00BC85D3+2686691]\n\tGetHandleVerifier [0x00BCBB9C+2700460]\n\tGetHandleVerifier [0x009D3B10+635936]\n\t(No symbol) [0x008C4A1F]\n\t(No symbol) [0x008CA418]\n\t(No symbol) [0x008CA505]\n\t(No symbol) [0x008D508B]\n\tBaseThreadInitThunk [0x770FFA29+25]\n\tRtlGetAppContainerNamedObjectPath [0x775A7A7E+286]\n\tRtlGetAppContainerNamedObjectPath [0x775A7A4E+238]\n\n", "trace": "  File \"C:\\Users\\ilnazhim\\environments\\XiaomiShop\\pages\\product_page.py\", line 121, in make_the_order\n    self.click_button_reserve()\n  File \"C:\\Users\\ilnazhim\\environments\\XiaomiShop\\pages\\product_page.py\", line 78, in click_button_reserve\n    self.get_button_reserve().click()\n  File \"C:\\Users\\ilnazhim\\environments\\XiaomiShop\\pages\\product_page.py\", line 41, in get_button_reserve\n    return WebDriverWait(self.browser, 30).until(EC.element_to_be_clickable((By.XPATH, self.button_reserve)))\n  File \"C:\\Users\\ilnazhim\\AppData\\Local\\Programs\\Python\\Python39\\lib\\site-packages\\selenium\\webdriver\\support\\wait.py\", line 90, in until\n    raise TimeoutException(message, screen, stacktrace)\n"}, "start": 1674128870885, "stop": 1674128905400}], "attachments": [{"name": "stdout", "source": "84e151ae-fc40-4d08-97a1-f2ad5bd681eb-attachment.txt", "type": "text/plain"}], "start": 1674128865662, "stop": 1674128905403, "uuid": "0f6341c8-f8f1-45f4-b833-472d66b3a8f6", "historyId": "68a5f6bb4221602a7f874a2c86803f2c", "testCaseId": "c826f7f2f4fff7658e64ed1190a24f9d", "fullName": "tests.test_make_order#test_order_from_product_page", "labels": [{"name": "parentSuite", "value": "tests"}, {"name": "suite", "value": "test_make_order"}, {"name": "host", "value": "HOME-PC"}, {"name": "thread", "value": "6280-MainThread"}, {"name": "framework", "value": "pytest"}, {"name": "language", "value": "cpython3"}, {"name": "package", "value": "tests.test_make_order"}]}