{"name": "test_order_from_product_page", "status": "broken", "statusDetails": {"message": "selenium.common.exceptions.TimeoutException: Message: \nStacktrace:\nBacktrace:\n\t(No symbol) [0x00FC37D3]\n\t(No symbol) [0x00F58B81]\n\t(No symbol) [0x00E5B36D]\n\t(No symbol) [0x00E8D382]\n\t(No symbol) [0x00E8D4BB]\n\t(No symbol) [0x00EC3302]\n\t(No symbol) [0x00EAB464]\n\t(No symbol) [0x00EC1215]\n\t(No symbol) [0x00EAB216]\n\t(No symbol) [0x00E80D97]\n\t(No symbol) [0x00E8253D]\n\tGetHandleVerifier [0x0123ABF2+2510930]\n\tGetHandleVerifier [0x01268EC1+2700065]\n\tGetHandleVerifier [0x0126C86C+2714828]\n\tGetHandleVerifier [0x01073480+645344]\n\t(No symbol) [0x00F60FD2]\n\t(No symbol) [0x00F66C68]\n\t(No symbol) [0x00F66D4B]\n\t(No symbol) [0x00F70D6B]\n\tBaseThreadInitThunk [0x7585FA29+25]\n\tRtlGetAppContainerNamedObjectPath [0x77767A7E+286]\n\tRtlGetAppContainerNamedObjectPath [0x77767A4E+238]", "trace": "browser = <selenium.webdriver.chrome.webdriver.WebDriver (session=\"ed346726539508361abe0c848eb6b0d9\")>\n\n    @allure.description(\"Test order_from_product_page\")\n    def test_order_from_product_page(browser):\n    \n        \"\"\"Ссылка на тестовый\"\"\"\n        link = \"https://grechka:digital@xiaomi-shop.grechka.digital/catalog/smartfony-i-planshety/redmi/redmi-10c-3-64-gb-mint-green\"\n        \"\"\"Ссылка на боевой\"\"\"\n        #link = \"https://xiaomi-stores.ru/catalog/smartfony-i-planshety/redmi/redmi-10c-3-64-gb-mint-green\"\n        print(\"\\nStart Order Test\")\n        browser.maximize_window()\n        pp = ProductPage(browser, link)\n        pp.open()\n>       pp.make_the_order()\n\ntests\\test_make_order.py:17: \n_ _ _ _ _ _ _ _ _ _ _ _ _ _ _ _ _ _ _ _ _ _ _ _ _ _ _ _ _ _ _ _ _ _ _ _ _ _ _ _ _ _ _ _ _ _ _ _ _ _ _ _ _ _ _ _ _ _ _ _ _ _ _ _ _ _ _ _ _ _ _ _ _ _ _ _ _ _ _ _ _ \npages\\product_page.py:169: in make_the_order\n    self.click_button_reserve()\npages\\product_page.py:106: in click_button_reserve\n    self.get_button_reserve().click()\npages\\product_page.py:49: in get_button_reserve\n    return WebDriverWait(self.browser, 30).until(EC.element_to_be_clickable((By.XPATH, self.button_reserve)))\n_ _ _ _ _ _ _ _ _ _ _ _ _ _ _ _ _ _ _ _ _ _ _ _ _ _ _ _ _ _ _ _ _ _ _ _ _ _ _ _ _ _ _ _ _ _ _ _ _ _ _ _ _ _ _ _ _ _ _ _ _ _ _ _ _ _ _ _ _ _ _ _ _ _ _ _ _ _ _ _ _ \n\nself = <selenium.webdriver.support.wait.WebDriverWait (session=\"ed346726539508361abe0c848eb6b0d9\")>\nmethod = <function element_to_be_clickable.<locals>._predicate at 0x000002BDADDA30D0>, message = ''\n\n    def until(self, method, message: str = \"\"):\n        \"\"\"Calls the method provided with the driver as an argument until the \\\n        return value does not evaluate to ``False``.\n    \n        :param method: callable(WebDriver)\n        :param message: optional message for :exc:`TimeoutException`\n        :returns: the result of the last call to `method`\n        :raises: :exc:`selenium.common.exceptions.TimeoutException` if timeout occurs\n        \"\"\"\n        screen = None\n        stacktrace = None\n    \n        end_time = time.monotonic() + self._timeout\n        while True:\n            try:\n                value = method(self._driver)\n                if value:\n                    return value\n            except self._ignored_exceptions as exc:\n                screen = getattr(exc, \"screen\", None)\n                stacktrace = getattr(exc, \"stacktrace\", None)\n            time.sleep(self._poll)\n            if time.monotonic() > end_time:\n                break\n>       raise TimeoutException(message, screen, stacktrace)\nE       selenium.common.exceptions.TimeoutException: Message: \nE       Stacktrace:\nE       Backtrace:\nE       \t(No symbol) [0x00FC37D3]\nE       \t(No symbol) [0x00F58B81]\nE       \t(No symbol) [0x00E5B36D]\nE       \t(No symbol) [0x00E8D382]\nE       \t(No symbol) [0x00E8D4BB]\nE       \t(No symbol) [0x00EC3302]\nE       \t(No symbol) [0x00EAB464]\nE       \t(No symbol) [0x00EC1215]\nE       \t(No symbol) [0x00EAB216]\nE       \t(No symbol) [0x00E80D97]\nE       \t(No symbol) [0x00E8253D]\nE       \tGetHandleVerifier [0x0123ABF2+2510930]\nE       \tGetHandleVerifier [0x01268EC1+2700065]\nE       \tGetHandleVerifier [0x0126C86C+2714828]\nE       \tGetHandleVerifier [0x01073480+645344]\nE       \t(No symbol) [0x00F60FD2]\nE       \t(No symbol) [0x00F66C68]\nE       \t(No symbol) [0x00F66D4B]\nE       \t(No symbol) [0x00F70D6B]\nE       \tBaseThreadInitThunk [0x7585FA29+25]\nE       \tRtlGetAppContainerNamedObjectPath [0x77767A7E+286]\nE       \tRtlGetAppContainerNamedObjectPath [0x77767A4E+238]\n\nvenv\\lib\\site-packages\\selenium\\webdriver\\support\\wait.py:95: TimeoutException"}, "description": "Test order_from_product_page", "steps": [{"name": "make_the_order from product page", "status": "broken", "statusDetails": {"message": "selenium.common.exceptions.TimeoutException: Message: \nStacktrace:\nBacktrace:\n\t(No symbol) [0x00FC37D3]\n\t(No symbol) [0x00F58B81]\n\t(No symbol) [0x00E5B36D]\n\t(No symbol) [0x00E8D382]\n\t(No symbol) [0x00E8D4BB]\n\t(No symbol) [0x00EC3302]\n\t(No symbol) [0x00EAB464]\n\t(No symbol) [0x00EC1215]\n\t(No symbol) [0x00EAB216]\n\t(No symbol) [0x00E80D97]\n\t(No symbol) [0x00E8253D]\n\tGetHandleVerifier [0x0123ABF2+2510930]\n\tGetHandleVerifier [0x01268EC1+2700065]\n\tGetHandleVerifier [0x0126C86C+2714828]\n\tGetHandleVerifier [0x01073480+645344]\n\t(No symbol) [0x00F60FD2]\n\t(No symbol) [0x00F66C68]\n\t(No symbol) [0x00F66D4B]\n\t(No symbol) [0x00F70D6B]\n\tBaseThreadInitThunk [0x7585FA29+25]\n\tRtlGetAppContainerNamedObjectPath [0x77767A7E+286]\n\tRtlGetAppContainerNamedObjectPath [0x77767A4E+238]\n\n", "trace": "  File \"C:\\Users\\ilnazhim\\environments\\XiaomiShop\\pages\\product_page.py\", line 169, in make_the_order\n    self.click_button_reserve()\n  File \"C:\\Users\\ilnazhim\\environments\\XiaomiShop\\pages\\product_page.py\", line 106, in click_button_reserve\n    self.get_button_reserve().click()\n  File \"C:\\Users\\ilnazhim\\environments\\XiaomiShop\\pages\\product_page.py\", line 49, in get_button_reserve\n    return WebDriverWait(self.browser, 30).until(EC.element_to_be_clickable((By.XPATH, self.button_reserve)))\n  File \"C:\\Users\\ilnazhim\\environments\\XiaomiShop\\venv\\lib\\site-packages\\selenium\\webdriver\\support\\wait.py\", line 95, in until\n    raise TimeoutException(message, screen, stacktrace)\n"}, "start": 1679557109439, "stop": 1679557147598}], "attachments": [{"name": "stdout", "source": "28be2c6b-5563-4ba9-9487-a9a67458d83e-attachment.txt", "type": "text/plain"}], "start": 1679557102828, "stop": 1679557147601, "uuid": "b53fff1f-c284-40ca-9a71-e4df39d5c3fa", "historyId": "68a5f6bb4221602a7f874a2c86803f2c", "testCaseId": "c826f7f2f4fff7658e64ed1190a24f9d", "fullName": "tests.test_make_order#test_order_from_product_page", "labels": [{"name": "parentSuite", "value": "tests"}, {"name": "suite", "value": "test_make_order"}, {"name": "host", "value": "HOME-PC"}, {"name": "thread", "value": "13336-MainThread"}, {"name": "framework", "value": "pytest"}, {"name": "language", "value": "cpython3"}, {"name": "package", "value": "tests.test_make_order"}]}